#
# There is insufficient memory for the Java Runtime Environment to continue.
# Native memory allocation (malloc) failed to allocate 1048576 bytes for AllocateHeap
# Possible reasons:
#   The system is out of physical RAM or swap space
#   The process is running with CompressedOops enabled, and the Java Heap may be blocking the growth of the native heap
# Possible solutions:
#   Reduce memory load on the system
#   Increase physical memory or swap space
#   Check if swap backing store is full
#   Decrease Java heap size (-Xmx/-Xms)
#   Decrease number of Java threads
#   Decrease Java thread stack sizes (-Xss)
#   Set larger code cache with -XX:ReservedCodeCacheSize=
# This output file may be truncated or incomplete.
#
#  Out of Memory Error (t:/workspace/open/src/hotspot/share/memory/allocation.cpp:46), pid=20180, tid=20644
#
# JRE version:  (11.0.1+13) (build )
# Java VM: OpenJDK 64-Bit Server VM (11.0.1+13, mixed mode, aot, sharing, tiered, compressed oops, g1 gc, windows-amd64)
# No core dump will be written. Minidumps are not enabled by default on client versions of Windows
#

---------------  S U M M A R Y ------------

Command Line: -Xmx2048m -Dport=36729 com.android.dx.command.Main --dex --output=classes.dex c:\progra~2\anywhere software\basic4android\libraries\b4ashared.jar c:\progra~2\anywhere software\basic4android\libraries\core.jar bin\classes

Host: Intel(R) Core(TM) i5-7300HQ CPU @ 2.50GHz, 4 cores, 23G,  Windows 10 , 64 bit Build 19041 (10.0.19041.292)
Time: Thu Jul 23 19:21:36 2020 India Standard Time elapsed time: 0 seconds (0d 0h 0m 0s)

---------------  T H R E A D  ---------------

Current thread (0x00000161e750e800):  JavaThread "Unknown thread" [_thread_in_vm, id=20644, stack(0x0000003c4eb00000,0x0000003c4ec00000)]

Stack: [0x0000003c4eb00000,0x0000003c4ec00000]
Native frames: (J=compiled Java code, j=interpreted, Vv=VM code, C=native code)
V  [jvm.dll+0x63ad9a]
V  [jvm.dll+0x77851f]
V  [jvm.dll+0x779b08]
V  [jvm.dll+0x77a1c3]
V  [jvm.dll+0x2624c8]
V  [jvm.dll+0xbd5c4]
V  [jvm.dll+0x2f915d]
V  [jvm.dll+0x2f3479]
V  [jvm.dll+0x7517c7]
V  [jvm.dll+0x752f0f]
V  [jvm.dll+0x373ff9]
V  [jvm.dll+0x738049]
V  [jvm.dll+0x3e357d]
V  [jvm.dll+0x3e58e1]
C  [java.exe+0x3603]
C  [java.exe+0x1746c]
C  [KERNEL32.DLL+0x16fd4]
C  [ntdll.dll+0x4cec1]


---------------  P R O C E S S  ---------------

Threads class SMR info:
_java_thread_list=0x00000161e5c82300, length=0, elements={
}

Java Threads: ( => current thread )

Other Threads:
  0x00000161e7526800 GCTaskThread "GC Thread#0" [stack: 0x0000003c4ec00000,0x0000003c4ed00000] [id=10196]

[error occurred during error reporting (printing all threads), id 0xc0000005, EXCEPTION_ACCESS_VIOLATION (0xc0000005) at pc=0x00007ffb0834df20]

VM state:not at safepoint (not fully initialized)

VM Mutex/Monitor currently owned by a thread:  ([mutex/lock_event])
[0x00000161e750cf50] Heap_lock - owner thread: 0x00000161e750e800

Heap address: 0x0000000080000000, size: 2048 MB, Compressed Oops mode: Non-zero based: 0x0000000080000000
Narrow klass base: 0x0000000000000000, Narrow klass shift: 0

GC Heap History (0 events):
No events

Deoptimization events (0 events):
No events

Classes redefined (0 events):
No events

Internal exceptions (0 events):
No events

Events (0 events):
No events


Dynamic libraries:
0x00007ff630930000 - 0x00007ff630975000 	C:\java\jdk-11.0.1\jdk-11.0.1\bin\java.exe
0x00007ffb5e310000 - 0x00007ffb5e504000 	C:\WINDOWS\SYSTEM32\ntdll.dll
0x00007ffb5d360000 - 0x00007ffb5d41d000 	C:\WINDOWS\System32\KERNEL32.DLL
0x00007ffb5bab0000 - 0x00007ffb5bd77000 	C:\WINDOWS\System32\KERNELBASE.dll
0x00007ffb5d4f0000 - 0x00007ffb5d690000 	C:\WINDOWS\System32\USER32.dll
0x00007ffb5c350000 - 0x00007ffb5c372000 	C:\WINDOWS\System32\win32u.dll
0x00007ffb5e210000 - 0x00007ffb5e23a000 	C:\WINDOWS\System32\GDI32.dll
0x00007ffb5bf60000 - 0x00007ffb5c06a000 	C:\WINDOWS\System32\gdi32full.dll
0x00007ffb5c070000 - 0x00007ffb5c10d000 	C:\WINDOWS\System32\msvcp_win.dll
0x00007ffb5c140000 - 0x00007ffb5c240000 	C:\WINDOWS\System32\ucrtbase.dll
0x00007ffb473a0000 - 0x00007ffb4763a000 	C:\WINDOWS\WinSxS\amd64_microsoft.windows.common-controls_6595b64144ccf1df_6.0.19041.1_none_b555e41d4684ddec\COMCTL32.dll
0x00007ffb5d440000 - 0x00007ffb5d4de000 	C:\WINDOWS\System32\msvcrt.dll
0x00007ffb5cc50000 - 0x00007ffb5cc80000 	C:\WINDOWS\System32\IMM32.DLL
0x00007ffb58f70000 - 0x00007ffb58f86000 	C:\java\jdk-11.0.1\jdk-11.0.1\bin\vcruntime140.dll
0x00007ffb49fe0000 - 0x00007ffb4a08a000 	C:\java\jdk-11.0.1\jdk-11.0.1\bin\msvcp140.dll
0x00007ffb08050000 - 0x00007ffb08b91000 	C:\java\jdk-11.0.1\jdk-11.0.1\bin\server\jvm.dll
0x00007ffb5c650000 - 0x00007ffb5c6fa000 	C:\WINDOWS\System32\ADVAPI32.dll
0x00007ffb5d770000 - 0x00007ffb5d80b000 	C:\WINDOWS\System32\sechost.dll
0x00007ffb5df50000 - 0x00007ffb5e073000 	C:\WINDOWS\System32\RPCRT4.dll
0x00007ffb5c640000 - 0x00007ffb5c648000 	C:\WINDOWS\System32\PSAPI.DLL
0x00007ffb45eb0000 - 0x00007ffb45eb9000 	C:\WINDOWS\SYSTEM32\WSOCK32.dll
0x00007ffb5e1a0000 - 0x00007ffb5e20b000 	C:\WINDOWS\System32\WS2_32.dll
0x00007ffb4c800000 - 0x00007ffb4c827000 	C:\WINDOWS\SYSTEM32\WINMM.dll
0x00007ffb51540000 - 0x00007ffb5154a000 	C:\WINDOWS\SYSTEM32\VERSION.dll
0x00007ffb5a3c0000 - 0x00007ffb5a3d3000 	C:\WINDOWS\SYSTEM32\kernel.appcore.dll
0x00007ffb57020000 - 0x00007ffb57031000 	C:\java\jdk-11.0.1\jdk-11.0.1\bin\verify.dll
0x00007ffb598e0000 - 0x00007ffb59ac4000 	C:\WINDOWS\SYSTEM32\DBGHELP.DLL
0x00007ffb51510000 - 0x00007ffb5153c000 	C:\WINDOWS\SYSTEM32\dbgcore.DLL
0x00007ffb5bd80000 - 0x00007ffb5bdff000 	C:\WINDOWS\System32\bcryptPrimitives.dll
0x00007ffb54e30000 - 0x00007ffb54e58000 	C:\java\jdk-11.0.1\jdk-11.0.1\bin\java.dll
0x00007ffb56060000 - 0x00007ffb56076000 	C:\java\jdk-11.0.1\jdk-11.0.1\bin\zip.dll
0x00007ffb560e0000 - 0x00007ffb560ea000 	C:\java\jdk-11.0.1\jdk-11.0.1\bin\jimage.dll

dbghelp: loaded successfully - version: 4.0.5 - missing functions: none
symbol engine: initialized successfully - sym options: 0x614 - pdb path: .;C:\java\jdk-11.0.1\jdk-11.0.1\bin;C:\WINDOWS\SYSTEM32;C:\WINDOWS\WinSxS\amd64_microsoft.windows.common-controls_6595b64144ccf1df_6.0.19041.1_none_b555e41d4684ddec;C:\java\jdk-11.0.1\jdk-11.0.1\bin\server

VM Arguments:
jvm_args: -Xmx2048m -Dport=36729 
java_command: com.android.dx.command.Main --dex --output=classes.dex c:\progra~2\anywhere software\basic4android\libraries\b4ashared.jar c:\progra~2\anywhere software\basic4android\libraries\core.jar bin\classes
java_class_path (initial): C:\Program Files (x86)\Anywhere Software\Basic4android\Dexer.jar
Launcher Type: SUN_STANDARD

[Global flags]
     intx CICompilerCount                          = 3                                         {product} {ergonomic}
     uint ConcGCThreads                            = 1                                         {product} {ergonomic}
     uint G1ConcRefinementThreads                  = 4                                         {product} {ergonomic}
   size_t G1HeapRegionSize                         = 1048576                                   {product} {ergonomic}
    uintx GCDrainStackTargetSize                   = 64                                        {product} {ergonomic}
   size_t InitialHeapSize                          = 400556032                                 {product} {ergonomic}
   size_t MarkStackSize                            = 4194304                                   {product} {ergonomic}
   size_t MaxHeapSize                              = 2147483648                                {product} {command line}
   size_t MinHeapDeltaBytes                        = 1048576                                   {product} {ergonomic}
    uintx NonNMethodCodeHeapSize                   = 5830092                                {pd product} {ergonomic}
    uintx NonProfiledCodeHeapSize                  = 122914074                              {pd product} {ergonomic}
    uintx ProfiledCodeHeapSize                     = 122914074                              {pd product} {ergonomic}
    uintx ReservedCodeCacheSize                    = 251658240                              {pd product} {ergonomic}
     bool SegmentedCodeCache                       = true                                      {product} {ergonomic}
     bool UseCompressedClassPointers               = true                                 {lp64_product} {ergonomic}
     bool UseCompressedOops                        = true                                 {lp64_product} {ergonomic}
     bool UseG1GC                                  = true                                      {product} {ergonomic}
     bool UseLargePagesIndividualAllocation        = false                                  {pd product} {ergonomic}

Logging:
Log output configuration:
 #0: stdout all=warning uptime,level,tags
 #1: stderr all=off uptime,level,tags

Environment Variables:
PATH=C:\Program Files\NVIDIA GPU Computing Toolkit\CUDA\v8.0\bin;C:\Program Files\NVIDIA GPU Computing Toolkit\CUDA\v8.0\libnvvp;C:\Windows\System32;C:\Windows;C:\Windows\System32\wbem;C:\Windows\System32\WindowsPowerShell\v1.0\;C:\Program Files (x86)\NVIDIA Corporation\PhysX\Common;C:\Windows\System32\OpenSSH\;C:\Program Files (x86)\Wolfram Research\WolframScript\;C:\Windows\System32;C:\Windows;C:\Windows\System32\wbem;C:\Windows\System32\WindowsPowerShell\v1.0\;C:\Windows\System32\OpenSSH\;C:\Users\suvik\Spacemacshome\GnuPG\bin;C:\Program Files\Git\cmd;C:\Program Files (x86)\Intel\Intel(R) Management Engine Components\DAL;C:\Program Files\Intel\Intel(R) Management Engine Components\DAL;C:\Users\suvik\AppData\Local\Programs\Python\Python37-32\Scripts\;C:\Users\suvik\AppData\Local\Programs\Python\Python37-32\;C:\Users\suvik\AppData\Local\Microsoft\WindowsApps;C:\Program Files\Intel\WiFi\bin\;C:\Program Files\Common Files\Intel\WirelessCommon\;C:\Users\suvik\Downloads\flutter_windows_v0.4.4-beta\flutter\bin;C:\Users\suvik\AppData\Local\Programs\Microsoft VS Code\bin;C:\Users\suvik\AppData\Local\GitHubDesktop\bin;%USERPROFILE%\AppData\Local\Microsoft\WindowsApps;
USERNAME=suvik
OS=Windows_NT
PROCESSOR_IDENTIFIER=Intel64 Family 6 Model 158 Stepping 9, GenuineIntel



---------------  S Y S T E M  ---------------

OS: Windows 10 , 64 bit Build 19041 (10.0.19041.292)

CPU:total 4 (initial active 4) (4 cores per cpu, 1 threads per core) family 6 model 158 stepping 9, cmov, cx8, fxsr, mmx, sse, sse2, sse3, ssse3, sse4.1, sse4.2, popcnt, avx, avx2, aes, clmul, erms, 3dnowpref, lzcnt, tsc, tscinvbit, bmi1, bmi2, adx, fma

Memory: 4k page, system-wide physical 24442M (13682M free)
TotalPageFile size 53178M (AvailPageFile size 5M)
current process WorkingSet (physical memory assigned to process): 9M, peak: 9M
current process commit charge ("private bytes"): 50M, peak: 51M

vm_info: OpenJDK 64-Bit Server VM (11.0.1+13) for windows-amd64 JRE (11.0.1+13), built on Oct  6 2018 13:18:13 by "mach5one" with MS VC++ 15.5 (VS2017)

END.
